<?xml version="1.0" encoding="UTF-8"?>
<!-- Generated by org.testng.reporters.JUnitReportReporter -->
<testsuite hostname="LAPTOP-SB7RE8KB" failures="0" tests="1" name="extentreports.AddScreenshotIntoReport" time="458.025" errors="0" timestamp="2025-04-09T12:08:36 IST" skipped="0">
  <testcase classname="extentreports.AddScreenshotIntoReport" name="addScreenshot" time="458.025"/>
  <system-out/>
</testsuite> <!-- extentreports.AddScreenshotIntoReport -->
