<?xml version="1.0" encoding="UTF-8"?>
<!-- Generated by org.testng.reporters.JUnitReportReporter -->
<testsuite hostname="LAPTOP-SB7RE8KB" failures="0" tests="1" name="demo.Sample" time="1.638" errors="0" timestamp="2025-04-07T12:02:38 IST" skipped="0">
  <testcase classname="demo.Sample" name="launch" time="1.638"/>
  <system-out>
    <![CDATA[Sample class Executed]]>
  </system-out>
</testsuite> <!-- demo.Sample -->
