<?xml version="1.0" encoding="UTF-8"?>
<!-- Generated by org.testng.reporters.JUnitReportReporter -->
<testsuite hostname="LAPTOP-SB7RE8KB" failures="0" tests="1" name="extentreports.LearnExtentReports" time="0.678" errors="0" timestamp="2025-04-09T11:32:23 IST" skipped="0">
  <testcase classname="extentreports.LearnExtentReports" name="createReport" time="0.678"/>
  <system-out/>
</testsuite> <!-- extentreports.LearnExtentReports -->
